mode: atomic
github.com/houzhh15/EDR-POC/cloud/internal/repository/models/alert.go:25.39,26.11 1 0
github.com/houzhh15/EDR-POC/cloud/internal/repository/models/alert.go:27.106,28.14 1 0
github.com/houzhh15/EDR-POC/cloud/internal/repository/models/alert.go:30.2,30.14 1 0
github.com/houzhh15/EDR-POC/cloud/internal/repository/models/alert.go:34.40,36.2 1 0
github.com/houzhh15/EDR-POC/cloud/internal/repository/models/alert.go:50.37,51.11 1 0
github.com/houzhh15/EDR-POC/cloud/internal/repository/models/alert.go:52.118,53.14 1 0
github.com/houzhh15/EDR-POC/cloud/internal/repository/models/alert.go:55.2,55.14 1 0
github.com/houzhh15/EDR-POC/cloud/internal/repository/models/alert.go:59.38,61.2 1 0
github.com/houzhh15/EDR-POC/cloud/internal/repository/models/alert.go:92.33,94.2 1 0
github.com/houzhh15/EDR-POC/cloud/internal/repository/models/alert.go:97.49,98.22 1 0
github.com/houzhh15/EDR-POC/cloud/internal/repository/models/alert.go:98.22,100.3 1 0
github.com/houzhh15/EDR-POC/cloud/internal/repository/models/alert.go:101.2,104.12 4 0
github.com/houzhh15/EDR-POC/cloud/internal/repository/models/alert.go:108.49,111.2 2 0
github.com/houzhh15/EDR-POC/cloud/internal/repository/models/alert.go:124.53,126.2 1 0
github.com/houzhh15/EDR-POC/cloud/internal/repository/models/alert.go:129.54,130.18 1 0
github.com/houzhh15/EDR-POC/cloud/internal/repository/models/alert.go:130.18,133.3 2 0
github.com/houzhh15/EDR-POC/cloud/internal/repository/models/alert.go:134.2,135.9 2 0
github.com/houzhh15/EDR-POC/cloud/internal/repository/models/alert.go:135.9,137.3 1 0
github.com/houzhh15/EDR-POC/cloud/internal/repository/models/alert.go:138.2,138.33 1 0
github.com/houzhh15/EDR-POC/cloud/internal/repository/models/common.go:18.52,19.29 1 0
github.com/houzhh15/EDR-POC/cloud/internal/repository/models/common.go:19.29,21.3 1 0
github.com/houzhh15/EDR-POC/cloud/internal/repository/models/common.go:23.2,24.22 2 0
github.com/houzhh15/EDR-POC/cloud/internal/repository/models/common.go:24.22,25.12 1 0
github.com/houzhh15/EDR-POC/cloud/internal/repository/models/common.go:25.12,27.4 1 0
github.com/houzhh15/EDR-POC/cloud/internal/repository/models/common.go:29.3,30.20 2 0
github.com/houzhh15/EDR-POC/cloud/internal/repository/models/common.go:32.2,33.20 2 0
github.com/houzhh15/EDR-POC/cloud/internal/repository/models/common.go:37.53,38.18 1 0
github.com/houzhh15/EDR-POC/cloud/internal/repository/models/common.go:38.18,41.3 2 0
github.com/houzhh15/EDR-POC/cloud/internal/repository/models/common.go:43.2,44.27 2 0
github.com/houzhh15/EDR-POC/cloud/internal/repository/models/common.go:45.14,46.18 1 0
github.com/houzhh15/EDR-POC/cloud/internal/repository/models/common.go:47.14,48.10 1 0
github.com/houzhh15/EDR-POC/cloud/internal/repository/models/common.go:49.10,50.92 1 0
github.com/houzhh15/EDR-POC/cloud/internal/repository/models/common.go:54.2,54.30 1 0
github.com/houzhh15/EDR-POC/cloud/internal/repository/models/common.go:54.30,57.3 2 0
github.com/houzhh15/EDR-POC/cloud/internal/repository/models/common.go:60.2,61.15 2 0
github.com/houzhh15/EDR-POC/cloud/internal/repository/models/common.go:61.15,64.3 2 0
github.com/houzhh15/EDR-POC/cloud/internal/repository/models/common.go:67.2,70.24 4 0
github.com/houzhh15/EDR-POC/cloud/internal/repository/models/common.go:70.24,71.12 1 0
github.com/houzhh15/EDR-POC/cloud/internal/repository/models/common.go:72.12,73.22 1 0
github.com/houzhh15/EDR-POC/cloud/internal/repository/models/common.go:74.12,75.16 1 0
github.com/houzhh15/EDR-POC/cloud/internal/repository/models/common.go:75.16,78.5 2 0
github.com/houzhh15/EDR-POC/cloud/internal/repository/models/common.go:78.10,80.5 1 0
github.com/houzhh15/EDR-POC/cloud/internal/repository/models/common.go:81.11,82.24 1 0
github.com/houzhh15/EDR-POC/cloud/internal/repository/models/common.go:85.2,85.19 1 0
github.com/houzhh15/EDR-POC/cloud/internal/repository/models/common.go:85.19,87.3 1 0
github.com/houzhh15/EDR-POC/cloud/internal/repository/models/common.go:89.2,90.12 2 0
github.com/houzhh15/EDR-POC/cloud/internal/repository/models/common.go:97.50,98.29 1 0
github.com/houzhh15/EDR-POC/cloud/internal/repository/models/common.go:98.29,100.3 1 0
github.com/houzhh15/EDR-POC/cloud/internal/repository/models/common.go:101.2,102.22 2 0
github.com/houzhh15/EDR-POC/cloud/internal/repository/models/common.go:102.22,103.12 1 0
github.com/houzhh15/EDR-POC/cloud/internal/repository/models/common.go:103.12,105.4 1 0
github.com/houzhh15/EDR-POC/cloud/internal/repository/models/common.go:106.3,106.46 1 0
github.com/houzhh15/EDR-POC/cloud/internal/repository/models/common.go:108.2,109.20 2 0
github.com/houzhh15/EDR-POC/cloud/internal/repository/models/common.go:113.51,114.18 1 0
github.com/houzhh15/EDR-POC/cloud/internal/repository/models/common.go:114.18,117.3 2 0
github.com/houzhh15/EDR-POC/cloud/internal/repository/models/common.go:119.2,120.27 2 0
github.com/houzhh15/EDR-POC/cloud/internal/repository/models/common.go:121.14,122.18 1 0
github.com/houzhh15/EDR-POC/cloud/internal/repository/models/common.go:123.14,124.10 1 0
github.com/houzhh15/EDR-POC/cloud/internal/repository/models/common.go:125.10,126.90 1 0
github.com/houzhh15/EDR-POC/cloud/internal/repository/models/common.go:129.2,129.30 1 0
github.com/houzhh15/EDR-POC/cloud/internal/repository/models/common.go:129.30,132.3 2 0
github.com/houzhh15/EDR-POC/cloud/internal/repository/models/common.go:135.2,136.15 2 0
github.com/houzhh15/EDR-POC/cloud/internal/repository/models/common.go:136.15,139.3 2 0
github.com/houzhh15/EDR-POC/cloud/internal/repository/models/common.go:142.2,145.24 4 0
github.com/houzhh15/EDR-POC/cloud/internal/repository/models/common.go:145.24,146.12 1 0
github.com/houzhh15/EDR-POC/cloud/internal/repository/models/common.go:147.12,148.22 1 0
github.com/houzhh15/EDR-POC/cloud/internal/repository/models/common.go:149.12,150.16 1 0
github.com/houzhh15/EDR-POC/cloud/internal/repository/models/common.go:150.16,151.22 1 0
github.com/houzhh15/EDR-POC/cloud/internal/repository/models/common.go:151.22,153.20 2 0
github.com/houzhh15/EDR-POC/cloud/internal/repository/models/common.go:153.20,155.7 1 0
github.com/houzhh15/EDR-POC/cloud/internal/repository/models/common.go:156.6,156.34 1 0
github.com/houzhh15/EDR-POC/cloud/internal/repository/models/common.go:158.5,158.17 1 0
github.com/houzhh15/EDR-POC/cloud/internal/repository/models/common.go:159.10,161.5 1 0
github.com/houzhh15/EDR-POC/cloud/internal/repository/models/common.go:162.11,163.24 1 0
github.com/houzhh15/EDR-POC/cloud/internal/repository/models/common.go:166.2,166.19 1 0
github.com/houzhh15/EDR-POC/cloud/internal/repository/models/common.go:166.19,168.17 2 0
github.com/houzhh15/EDR-POC/cloud/internal/repository/models/common.go:168.17,170.4 1 0
github.com/houzhh15/EDR-POC/cloud/internal/repository/models/common.go:171.3,171.31 1 0
github.com/houzhh15/EDR-POC/cloud/internal/repository/models/common.go:174.2,175.12 2 0
github.com/houzhh15/EDR-POC/cloud/internal/repository/models/common.go:182.48,183.14 1 0
github.com/houzhh15/EDR-POC/cloud/internal/repository/models/common.go:183.14,185.3 1 0
github.com/houzhh15/EDR-POC/cloud/internal/repository/models/common.go:186.2,186.24 1 0
github.com/houzhh15/EDR-POC/cloud/internal/repository/models/common.go:190.49,191.18 1 0
github.com/houzhh15/EDR-POC/cloud/internal/repository/models/common.go:191.18,194.3 2 0
github.com/houzhh15/EDR-POC/cloud/internal/repository/models/common.go:195.2,196.9 2 0
github.com/houzhh15/EDR-POC/cloud/internal/repository/models/common.go:196.9,198.3 1 0
github.com/houzhh15/EDR-POC/cloud/internal/repository/models/common.go:199.2,199.33 1 0
github.com/houzhh15/EDR-POC/cloud/internal/repository/models/common.go:211.39,218.2 1 0
github.com/houzhh15/EDR-POC/cloud/internal/repository/models/common.go:221.35,222.18 1 0
github.com/houzhh15/EDR-POC/cloud/internal/repository/models/common.go:222.18,224.3 1 0
github.com/houzhh15/EDR-POC/cloud/internal/repository/models/common.go:225.2,225.19 1 0
github.com/houzhh15/EDR-POC/cloud/internal/repository/models/common.go:225.19,227.3 1 0
github.com/houzhh15/EDR-POC/cloud/internal/repository/models/common.go:228.2,228.18 1 0
github.com/houzhh15/EDR-POC/cloud/internal/repository/models/common.go:228.18,230.3 1 0
github.com/houzhh15/EDR-POC/cloud/internal/repository/models/common.go:231.2,231.21 1 0
github.com/houzhh15/EDR-POC/cloud/internal/repository/models/common.go:231.21,233.3 1 0
github.com/houzhh15/EDR-POC/cloud/internal/repository/models/common.go:234.2,234.43 1 0
github.com/houzhh15/EDR-POC/cloud/internal/repository/models/common.go:234.43,236.3 1 0
github.com/houzhh15/EDR-POC/cloud/internal/repository/models/policy.go:23.36,24.11 1 0
github.com/houzhh15/EDR-POC/cloud/internal/repository/models/policy.go:25.69,26.14 1 0
github.com/houzhh15/EDR-POC/cloud/internal/repository/models/policy.go:28.2,28.14 1 0
github.com/houzhh15/EDR-POC/cloud/internal/repository/models/policy.go:32.37,34.2 1 0
github.com/houzhh15/EDR-POC/cloud/internal/repository/models/policy.go:59.34,61.2 1 0
github.com/houzhh15/EDR-POC/cloud/internal/repository/models/policy.go:64.50,65.22 1 0
github.com/houzhh15/EDR-POC/cloud/internal/repository/models/policy.go:65.22,67.3 1 0
github.com/houzhh15/EDR-POC/cloud/internal/repository/models/policy.go:68.2,71.12 4 0
github.com/houzhh15/EDR-POC/cloud/internal/repository/models/policy.go:75.50,78.2 2 0
github.com/houzhh15/EDR-POC/cloud/internal/repository/models/policy.go:81.35,83.2 1 0
github.com/houzhh15/EDR-POC/cloud/internal/repository/models/policy.go:94.53,96.2 1 0
github.com/houzhh15/EDR-POC/cloud/internal/repository/models/policy.go:99.54,100.18 1 0
github.com/houzhh15/EDR-POC/cloud/internal/repository/models/policy.go:100.18,103.3 2 0
github.com/houzhh15/EDR-POC/cloud/internal/repository/models/policy.go:104.2,105.9 2 0
github.com/houzhh15/EDR-POC/cloud/internal/repository/models/policy.go:105.9,107.3 1 0
github.com/houzhh15/EDR-POC/cloud/internal/repository/models/policy.go:108.2,108.33 1 0
github.com/houzhh15/EDR-POC/cloud/internal/repository/models/tenant.go:20.38,21.11 1 0
github.com/houzhh15/EDR-POC/cloud/internal/repository/models/tenant.go:22.70,23.14 1 0
github.com/houzhh15/EDR-POC/cloud/internal/repository/models/tenant.go:25.2,25.14 1 0
github.com/houzhh15/EDR-POC/cloud/internal/repository/models/tenant.go:29.39,31.2 1 0
github.com/houzhh15/EDR-POC/cloud/internal/repository/models/tenant.go:53.34,55.2 1 0
github.com/houzhh15/EDR-POC/cloud/internal/repository/models/tenant.go:58.50,59.22 1 0
github.com/houzhh15/EDR-POC/cloud/internal/repository/models/tenant.go:59.22,61.3 1 0
github.com/houzhh15/EDR-POC/cloud/internal/repository/models/tenant.go:62.2,65.12 4 0
github.com/houzhh15/EDR-POC/cloud/internal/repository/models/tenant.go:69.50,72.2 2 0
github.com/houzhh15/EDR-POC/cloud/internal/repository/models/user.go:20.34,21.11 1 0
github.com/houzhh15/EDR-POC/cloud/internal/repository/models/user.go:22.55,23.14 1 0
github.com/houzhh15/EDR-POC/cloud/internal/repository/models/user.go:25.2,25.14 1 0
github.com/houzhh15/EDR-POC/cloud/internal/repository/models/user.go:29.35,31.2 1 0
github.com/houzhh15/EDR-POC/cloud/internal/repository/models/user.go:43.36,44.11 1 0
github.com/houzhh15/EDR-POC/cloud/internal/repository/models/user.go:45.62,46.14 1 0
github.com/houzhh15/EDR-POC/cloud/internal/repository/models/user.go:48.2,48.14 1 0
github.com/houzhh15/EDR-POC/cloud/internal/repository/models/user.go:52.37,54.2 1 0
github.com/houzhh15/EDR-POC/cloud/internal/repository/models/user.go:79.32,81.2 1 0
github.com/houzhh15/EDR-POC/cloud/internal/repository/models/user.go:84.48,85.22 1 0
github.com/houzhh15/EDR-POC/cloud/internal/repository/models/user.go:85.22,87.3 1 0
github.com/houzhh15/EDR-POC/cloud/internal/repository/models/user.go:88.2,91.12 4 0
github.com/houzhh15/EDR-POC/cloud/internal/repository/models/user.go:95.48,98.2 2 0
github.com/houzhh15/EDR-POC/cloud/internal/repository/models/user.go:101.33,103.2 1 0
